<?xml version="1.0" encoding="UTF-8"?>
<coverage generated="1777818209091" clover="3.2.0">
  <project timestamp="1777818209091" name="All files">
    <metrics statements="143" coveredstatements="143" conditionals="61" coveredconditionals="61" methods="29" coveredmethods="29" elements="233" coveredelements="233" complexity="0" loc="143" ncloc="143" packages="3" files="4" classes="4"/>
    <package name="promptwars">
      <metrics statements="68" coveredstatements="68" conditionals="20" coveredconditionals="20" methods="7" coveredmethods="7"/>
      <file name="server.js" path="C:\Users\devan\Desktop\promptwars\server.js">
        <metrics statements="68" coveredstatements="68" conditionals="20" coveredconditionals="20" methods="7" coveredmethods="7"/>
        <line num="1" count="1" type="stmt"/>
        <line num="10" count="1" type="stmt"/>
        <line num="12" count="1" type="stmt"/>
        <line num="13" count="1" type="stmt"/>
        <line num="15" count="1" type="stmt"/>
        <line num="16" count="1" type="cond" truecount="2" falsecount="0"/>
        <line num="19" count="1" type="stmt"/>
        <line num="22" count="1" type="stmt"/>
        <line num="41" count="1" type="stmt"/>
        <line num="42" count="1" type="stmt"/>
        <line num="44" count="1" type="stmt"/>
        <line num="51" count="1" type="stmt"/>
        <line num="59" count="1" type="stmt"/>
        <line num="60" count="6" type="stmt"/>
        <line num="61" count="6" type="stmt"/>
        <line num="64" count="6" type="stmt"/>
        <line num="65" count="6" type="cond" truecount="2" falsecount="0"/>
        <line num="66" count="1" type="stmt"/>
        <line num="69" count="5" type="cond" truecount="2" falsecount="0"/>
        <line num="70" count="1" type="stmt"/>
        <line num="73" count="4" type="stmt"/>
        <line num="82" count="3" type="cond" truecount="2" falsecount="0"/>
        <line num="83" count="2" type="stmt"/>
        <line num="84" count="2" type="stmt"/>
        <line num="87" count="1" type="stmt"/>
        <line num="88" count="1" type="stmt"/>
        <line num="90" count="1" type="stmt"/>
        <line num="91" count="1" type="stmt"/>
        <line num="96" count="1" type="stmt"/>
        <line num="97" count="6" type="stmt"/>
        <line num="98" count="6" type="cond" truecount="2" falsecount="0"/>
        <line num="99" count="1" type="stmt"/>
        <line num="101" count="5" type="stmt"/>
        <line num="104" count="4" type="cond" truecount="2" falsecount="0"/>
        <line num="105" count="2" type="stmt"/>
        <line num="106" count="2" type="stmt"/>
        <line num="108" count="2" type="stmt"/>
        <line num="109" count="2" type="stmt"/>
        <line num="111" count="1" type="stmt"/>
        <line num="112" count="1" type="stmt"/>
        <line num="117" count="1" type="stmt"/>
        <line num="118" count="4" type="stmt"/>
        <line num="119" count="4" type="stmt"/>
        <line num="120" count="4" type="cond" truecount="2" falsecount="0"/>
        <line num="121" count="1" type="stmt"/>
        <line num="124" count="3" type="stmt"/>
        <line num="132" count="3" type="cond" truecount="2" falsecount="0"/>
        <line num="133" count="3" type="cond" truecount="2" falsecount="0"/>
        <line num="135" count="3" type="stmt"/>
        <line num="137" count="3" type="stmt"/>
        <line num="138" count="2" type="stmt"/>
        <line num="140" count="2" type="stmt"/>
        <line num="142" count="1" type="stmt"/>
        <line num="143" count="1" type="stmt"/>
        <line num="148" count="1" type="stmt"/>
        <line num="149" count="3" type="stmt"/>
        <line num="150" count="3" type="stmt"/>
        <line num="151" count="3" type="cond" truecount="2" falsecount="0"/>
        <line num="152" count="1" type="stmt"/>
        <line num="156" count="2" type="stmt"/>
        <line num="158" count="2" type="stmt"/>
        <line num="166" count="1" type="stmt"/>
        <line num="167" count="1" type="stmt"/>
        <line num="169" count="1" type="stmt"/>
        <line num="170" count="1" type="stmt"/>
        <line num="175" count="1" type="stmt"/>
        <line num="178" count="1" type="stmt"/>
        <line num="179" count="3" type="stmt"/>
      </file>
    </package>
    <package name="promptwars.src.components.Checklist">
      <metrics statements="23" coveredstatements="23" conditionals="18" coveredconditionals="18" methods="8" coveredmethods="8"/>
      <file name="ReadinessChecklist.jsx" path="C:\Users\devan\Desktop\promptwars\src\components\Checklist\ReadinessChecklist.jsx">
        <metrics statements="23" coveredstatements="23" conditionals="18" coveredconditionals="18" methods="8" coveredmethods="8"/>
        <line num="17" count="1" type="stmt"/>
        <line num="50" count="9" type="stmt"/>
        <line num="51" count="9" type="stmt"/>
        <line num="53" count="9" type="cond" truecount="2" falsecount="0"/>
        <line num="56" count="9" type="stmt"/>
        <line num="57" count="7" type="stmt"/>
        <line num="58" count="7" type="stmt"/>
        <line num="59" count="40" type="stmt"/>
        <line num="61" count="7" type="stmt"/>
        <line num="70" count="9" type="stmt"/>
        <line num="71" count="27" type="cond" truecount="2" falsecount="0"/>
        <line num="72" count="24" type="cond" truecount="2" falsecount="0"/>
        <line num="73" count="21" type="stmt"/>
        <line num="76" count="9" type="stmt"/>
        <line num="77" count="9" type="cond" truecount="2" falsecount="0"/>
        <line num="78" count="8" type="cond" truecount="2" falsecount="0"/>
        <line num="79" count="7" type="stmt"/>
        <line num="82" count="9" type="stmt"/>
        <line num="122" count="52" type="stmt"/>
        <line num="123" count="52" type="stmt"/>
        <line num="125" count="52" type="stmt"/>
        <line num="136" count="1" type="stmt"/>
        <line num="151" count="2" type="cond" truecount="2" falsecount="0"/>
      </file>
      <file name="ReadinessChecklist.module.css" path="C:\Users\devan\Desktop\promptwars\src\components\Checklist\ReadinessChecklist.module.css">
        <metrics statements="0" coveredstatements="0" conditionals="0" coveredconditionals="0" methods="0" coveredmethods="0"/>
      </file>
    </package>
    <package name="promptwars.src.context">
      <metrics statements="52" coveredstatements="52" conditionals="23" coveredconditionals="23" methods="14" coveredmethods="14"/>
      <file name="VoterProfileContext.jsx" path="C:\Users\devan\Desktop\promptwars\src\context\VoterProfileContext.jsx">
        <metrics statements="52" coveredstatements="52" conditionals="23" coveredconditionals="23" methods="14" coveredmethods="14"/>
        <line num="12" count="2" type="stmt"/>
        <line num="15" count="2" type="stmt"/>
        <line num="28" count="12" type="stmt"/>
        <line num="29" count="12" type="stmt"/>
        <line num="30" count="12" type="cond" truecount="2" falsecount="0"/>
        <line num="31" count="5" type="stmt"/>
        <line num="32" count="5" type="stmt"/>
        <line num="36" count="1" type="stmt"/>
        <line num="38" count="8" type="stmt"/>
        <line num="43" count="5" type="stmt"/>
        <line num="44" count="5" type="stmt"/>
        <line num="51" count="2" type="stmt"/>
        <line num="61" count="14" type="cond" truecount="6" falsecount="0"/>
        <line num="63" count="3" type="stmt"/>
        <line num="66" count="1" type="stmt"/>
        <line num="69" count="3" type="stmt"/>
        <line num="70" count="3" type="stmt"/>
        <line num="71" count="3" type="cond" truecount="2" falsecount="0"/>
        <line num="72" count="1" type="stmt"/>
        <line num="74" count="3" type="stmt"/>
        <line num="78" count="4" type="stmt"/>
        <line num="79" count="4" type="stmt"/>
        <line num="80" count="4" type="cond" truecount="2" falsecount="0"/>
        <line num="81" count="2" type="stmt"/>
        <line num="83" count="4" type="stmt"/>
        <line num="87" count="2" type="stmt"/>
        <line num="88" count="2" type="stmt"/>
        <line num="91" count="1" type="stmt"/>
        <line num="96" count="2" type="stmt"/>
        <line num="102" count="12" type="stmt"/>
        <line num="103" count="12" type="stmt"/>
        <line num="109" count="12" type="stmt"/>
        <line num="110" count="12" type="cond" truecount="2" falsecount="0"/>
        <line num="111" count="5" type="stmt"/>
        <line num="116" count="12" type="stmt"/>
        <line num="117" count="2" type="stmt"/>
        <line num="120" count="12" type="stmt"/>
        <line num="121" count="1" type="stmt"/>
        <line num="124" count="12" type="stmt"/>
        <line num="125" count="1" type="stmt"/>
        <line num="128" count="12" type="stmt"/>
        <line num="129" count="1" type="stmt"/>
        <line num="132" count="12" type="stmt"/>
        <line num="133" count="2" type="stmt"/>
        <line num="137" count="12" type="stmt"/>
        <line num="142" count="12" type="cond" truecount="2" falsecount="0"/>
        <line num="144" count="12" type="stmt"/>
        <line num="154" count="12" type="stmt"/>
        <line num="165" count="15" type="stmt"/>
        <line num="166" count="15" type="cond" truecount="2" falsecount="0"/>
        <line num="167" count="2" type="stmt"/>
        <line num="169" count="12" type="stmt"/>
      </file>
    </package>
  </project>
</coverage>
