{"C:\\Users\\devan\\Desktop\\promptwars\\server.js": {"path":"C:\\Users\\devan\\Desktop\\promptwars\\server.js","statementMap":{"0":{"start":{"line":1,"column":20},"end":{"line":1,"column":null}},"1":{"start":{"line":10,"column":0},"end":{"line":10,"column":null}},"2":{"start":{"line":12,"column":19},"end":{"line":12,"column":49}},"3":{"start":{"line":13,"column":18},"end":{"line":13,"column":42}},"4":{"start":{"line":15,"column":6},"end":{"line":15,"column":21}},"5":{"start":{"line":16,"column":13},"end":{"line":16,"column":null}},"6":{"start":{"line":19,"column":0},"end":{"line":19,"column":null}},"7":{"start":{"line":22,"column":0},"end":{"line":34,"column":null}},"8":{"start":{"line":37,"column":20},"end":{"line":38,"column":null}},"9":{"start":{"line":40,"column":0},"end":{"line":40,"column":null}},"10":{"start":{"line":41,"column":0},"end":{"line":41,"column":null}},"11":{"start":{"line":43,"column":6},"end":{"line":47,"column":2}},"12":{"start":{"line":50,"column":0},"end":{"line":50,"column":null}},"13":{"start":{"line":52,"column":14},"end":{"line":52,"column":75}},"14":{"start":{"line":57,"column":0},"end":{"line":92,"column":null}},"15":{"start":{"line":58,"column":2},"end":{"line":90,"column":null}},"16":{"start":{"line":59,"column":4},"end":{"line":59,"column":null}},"17":{"start":{"line":60,"column":39},"end":{"line":60,"column":null}},"18":{"start":{"line":63,"column":26},"end":{"line":63,"column":null}},"19":{"start":{"line":64,"column":4},"end":{"line":65,"column":null}},"20":{"start":{"line":65,"column":6},"end":{"line":65,"column":null}},"21":{"start":{"line":68,"column":4},"end":{"line":69,"column":null}},"22":{"start":{"line":69,"column":6},"end":{"line":69,"column":null}},"23":{"start":{"line":72,"column":21},"end":{"line":78,"column":null}},"24":{"start":{"line":81,"column":4},"end":{"line":83,"column":null}},"25":{"start":{"line":82,"column":22},"end":{"line":82,"column":61}},"26":{"start":{"line":82,"column":57},"end":{"line":82,"column":59}},"27":{"start":{"line":83,"column":6},"end":{"line":83,"column":null}},"28":{"start":{"line":86,"column":17},"end":{"line":86,"column":38}},"29":{"start":{"line":87,"column":4},"end":{"line":87,"column":null}},"30":{"start":{"line":89,"column":4},"end":{"line":89,"column":null}},"31":{"start":{"line":90,"column":4},"end":{"line":90,"column":null}},"32":{"start":{"line":95,"column":0},"end":{"line":113,"column":null}},"33":{"start":{"line":96,"column":2},"end":{"line":111,"column":null}},"34":{"start":{"line":97,"column":4},"end":{"line":98,"column":null}},"35":{"start":{"line":98,"column":6},"end":{"line":98,"column":null}},"36":{"start":{"line":100,"column":21},"end":{"line":101,"column":null}},"37":{"start":{"line":103,"column":4},"end":{"line":105,"column":null}},"38":{"start":{"line":104,"column":22},"end":{"line":104,"column":61}},"39":{"start":{"line":104,"column":57},"end":{"line":104,"column":59}},"40":{"start":{"line":105,"column":6},"end":{"line":105,"column":null}},"41":{"start":{"line":107,"column":17},"end":{"line":107,"column":38}},"42":{"start":{"line":108,"column":4},"end":{"line":108,"column":null}},"43":{"start":{"line":110,"column":4},"end":{"line":110,"column":null}},"44":{"start":{"line":111,"column":4},"end":{"line":111,"column":null}},"45":{"start":{"line":116,"column":0},"end":{"line":147,"column":null}},"46":{"start":{"line":117,"column":2},"end":{"line":145,"column":null}},"47":{"start":{"line":118,"column":4},"end":{"line":118,"column":null}},"48":{"start":{"line":119,"column":40},"end":{"line":119,"column":null}},"49":{"start":{"line":120,"column":4},"end":{"line":121,"column":null}},"50":{"start":{"line":121,"column":6},"end":{"line":121,"column":null}},"51":{"start":{"line":124,"column":19},"end":{"line":130,"column":6}},"52":{"start":{"line":132,"column":4},"end":{"line":132,"column":null}},"53":{"start":{"line":132,"column":19},"end":{"line":132,"column":null}},"54":{"start":{"line":133,"column":4},"end":{"line":133,"column":null}},"55":{"start":{"line":133,"column":15},"end":{"line":133,"column":null}},"56":{"start":{"line":135,"column":23},"end":{"line":135,"column":null}},"57":{"start":{"line":137,"column":21},"end":{"line":137,"column":44}},"58":{"start":{"line":138,"column":17},"end":{"line":138,"column":38}},"59":{"start":{"line":139,"column":4},"end":{"line":139,"column":null}},"60":{"start":{"line":140,"column":4},"end":{"line":140,"column":null}},"61":{"start":{"line":142,"column":4},"end":{"line":142,"column":null}},"62":{"start":{"line":144,"column":4},"end":{"line":144,"column":null}},"63":{"start":{"line":145,"column":4},"end":{"line":145,"column":null}},"64":{"start":{"line":150,"column":0},"end":{"line":175,"column":null}},"65":{"start":{"line":151,"column":2},"end":{"line":173,"column":null}},"66":{"start":{"line":152,"column":4},"end":{"line":152,"column":null}},"67":{"start":{"line":153,"column":26},"end":{"line":153,"column":null}},"68":{"start":{"line":154,"column":4},"end":{"line":155,"column":null}},"69":{"start":{"line":155,"column":6},"end":{"line":155,"column":null}},"70":{"start":{"line":159,"column":16},"end":{"line":159,"column":null}},"71":{"start":{"line":161,"column":21},"end":{"line":167,"column":6}},"72":{"start":{"line":169,"column":17},"end":{"line":169,"column":38}},"73":{"start":{"line":170,"column":4},"end":{"line":170,"column":null}},"74":{"start":{"line":172,"column":4},"end":{"line":172,"column":null}},"75":{"start":{"line":173,"column":4},"end":{"line":173,"column":null}},"76":{"start":{"line":178,"column":0},"end":{"line":178,"column":null}},"77":{"start":{"line":181,"column":0},"end":{"line":183,"column":null}},"78":{"start":{"line":182,"column":2},"end":{"line":182,"column":null}},"79":{"start":{"line":185,"column":0},"end":{"line":188,"column":null}},"80":{"start":{"line":186,"column":2},"end":{"line":188,"column":null}},"81":{"start":{"line":187,"column":4},"end":{"line":187,"column":null}}},"fnMap":{"0":{"name":"(anonymous_0)","decl":{"start":{"line":57,"column":24},"end":{"line":57,"column":31}},"loc":{"start":{"line":57,"column":44},"end":{"line":92,"column":null}},"line":57},"1":{"name":"(anonymous_1)","decl":{"start":{"line":82,"column":44},"end":{"line":82,"column":57}},"loc":{"start":{"line":82,"column":57},"end":{"line":82,"column":59}},"line":82},"2":{"name":"(anonymous_2)","decl":{"start":{"line":95,"column":30},"end":{"line":95,"column":37}},"loc":{"start":{"line":95,"column":50},"end":{"line":113,"column":null}},"line":95},"3":{"name":"(anonymous_3)","decl":{"start":{"line":104,"column":44},"end":{"line":104,"column":57}},"loc":{"start":{"line":104,"column":57},"end":{"line":104,"column":59}},"line":104},"4":{"name":"(anonymous_4)","decl":{"start":{"line":116,"column":24},"end":{"line":116,"column":31}},"loc":{"start":{"line":116,"column":44},"end":{"line":147,"column":null}},"line":116},"5":{"name":"(anonymous_5)","decl":{"start":{"line":150,"column":27},"end":{"line":150,"column":34}},"loc":{"start":{"line":150,"column":47},"end":{"line":175,"column":null}},"line":150},"6":{"name":"(anonymous_6)","decl":{"start":{"line":181,"column":4},"end":{"line":181,"column":9}},"loc":{"start":{"line":181,"column":22},"end":{"line":183,"column":null}},"line":181},"7":{"name":"(anonymous_7)","decl":{"start":{"line":186,"column":13},"end":{"line":186,"column":25}},"loc":{"start":{"line":186,"column":25},"end":{"line":188,"column":null}},"line":186}},"branchMap":{"0":{"loc":{"start":{"line":16,"column":13},"end":{"line":16,"column":null}},"type":"binary-expr","locations":[{"start":{"line":16,"column":13},"end":{"line":16,"column":33}},{"start":{"line":16,"column":33},"end":{"line":16,"column":null}}],"line":16},"1":{"loc":{"start":{"line":38,"column":2},"end":{"line":38,"column":null}},"type":"cond-expr","locations":[{"start":{"line":38,"column":51},"end":{"line":38,"column":101}},{"start":{"line":38,"column":104},"end":{"line":38,"column":null}}],"line":38},"2":{"loc":{"start":{"line":52,"column":37},"end":{"line":52,"column":75}},"type":"binary-expr","locations":[{"start":{"line":52,"column":37},"end":{"line":52,"column":72}},{"start":{"line":52,"column":72},"end":{"line":52,"column":75}}],"line":52},"3":{"loc":{"start":{"line":64,"column":4},"end":{"line":65,"column":null}},"type":"if","locations":[{"start":{"line":64,"column":4},"end":{"line":65,"column":null}},{"start":{},"end":{}}],"line":64},"4":{"loc":{"start":{"line":68,"column":4},"end":{"line":69,"column":null}},"type":"if","locations":[{"start":{"line":68,"column":4},"end":{"line":69,"column":null}},{"start":{},"end":{}}],"line":68},"5":{"loc":{"start":{"line":81,"column":4},"end":{"line":83,"column":null}},"type":"if","locations":[{"start":{"line":81,"column":4},"end":{"line":83,"column":null}},{"start":{},"end":{}}],"line":81},"6":{"loc":{"start":{"line":97,"column":4},"end":{"line":98,"column":null}},"type":"if","locations":[{"start":{"line":97,"column":4},"end":{"line":98,"column":null}},{"start":{},"end":{}}],"line":97},"7":{"loc":{"start":{"line":103,"column":4},"end":{"line":105,"column":null}},"type":"if","locations":[{"start":{"line":103,"column":4},"end":{"line":105,"column":null}},{"start":{},"end":{}}],"line":103},"8":{"loc":{"start":{"line":120,"column":4},"end":{"line":121,"column":null}},"type":"if","locations":[{"start":{"line":120,"column":4},"end":{"line":121,"column":null}},{"start":{},"end":{}}],"line":120},"9":{"loc":{"start":{"line":132,"column":4},"end":{"line":132,"column":null}},"type":"if","locations":[{"start":{"line":132,"column":4},"end":{"line":132,"column":null}},{"start":{},"end":{}}],"line":132},"10":{"loc":{"start":{"line":133,"column":4},"end":{"line":133,"column":null}},"type":"if","locations":[{"start":{"line":133,"column":4},"end":{"line":133,"column":null}},{"start":{},"end":{}}],"line":133},"11":{"loc":{"start":{"line":154,"column":4},"end":{"line":155,"column":null}},"type":"if","locations":[{"start":{"line":154,"column":4},"end":{"line":155,"column":null}},{"start":{},"end":{}}],"line":154},"12":{"loc":{"start":{"line":185,"column":0},"end":{"line":188,"column":null}},"type":"if","locations":[{"start":{"line":185,"column":0},"end":{"line":188,"column":null}},{"start":{},"end":{}}],"line":185}},"s":{"0":1,"1":1,"2":1,"3":1,"4":1,"5":1,"6":1,"7":1,"8":1,"9":1,"10":1,"11":1,"12":1,"13":1,"14":1,"15":0,"16":0,"17":0,"18":0,"19":0,"20":0,"21":0,"22":0,"23":0,"24":0,"25":0,"26":0,"27":0,"28":0,"29":0,"30":0,"31":0,"32":1,"33":1,"34":1,"35":0,"36":1,"37":1,"38":0,"39":0,"40":0,"41":1,"42":1,"43":0,"44":0,"45":1,"46":0,"47":0,"48":0,"49":0,"50":0,"51":0,"52":0,"53":0,"54":0,"55":0,"56":0,"57":0,"58":0,"59":0,"60":0,"61":0,"62":0,"63":0,"64":1,"65":0,"66":0,"67":0,"68":0,"69":0,"70":0,"71":0,"72":0,"73":0,"74":0,"75":0,"76":1,"77":1,"78":2,"79":1,"80":0,"81":0},"f":{"0":0,"1":0,"2":1,"3":0,"4":0,"5":0,"6":2,"7":0},"b":{"0":[1,1],"1":[0,1],"2":[1,0],"3":[0,0],"4":[0,0],"5":[0,0],"6":[0,1],"7":[0,1],"8":[0,0],"9":[0,0],"10":[0,0],"11":[0,0],"12":[0,1]},"meta":{"lastBranch":13,"lastFunction":8,"lastStatement":82,"seen":{"s:1:20:1:Infinity":0,"s:10:0:10:Infinity":1,"s:12:19:12:49":2,"s:13:18:13:42":3,"s:15:6:15:21":4,"s:16:13:16:Infinity":5,"b:16:13:16:33:16:33:16:Infinity":0,"s:19:0:19:Infinity":6,"s:22:0:34:Infinity":7,"s:37:20:38:Infinity":8,"b:38:51:38:101:38:104:38:Infinity":1,"s:40:0:40:Infinity":9,"s:41:0:41:Infinity":10,"s:43:6:47:2":11,"s:50:0:50:Infinity":12,"s:52:14:52:75":13,"b:52:37:52:72:52:72:52:75":2,"s:57:0:92:Infinity":14,"f:57:24:57:31":0,"s:58:2:90:Infinity":15,"s:59:4:59:Infinity":16,"s:60:39:60:Infinity":17,"s:63:26:63:Infinity":18,"b:64:4:65:Infinity:undefined:undefined:undefined:undefined":3,"s:64:4:65:Infinity":19,"s:65:6:65:Infinity":20,"b:68:4:69:Infinity:undefined:undefined:undefined:undefined":4,"s:68:4:69:Infinity":21,"s:69:6:69:Infinity":22,"s:72:21:78:Infinity":23,"b:81:4:83:Infinity:undefined:undefined:undefined:undefined":5,"s:81:4:83:Infinity":24,"s:82:22:82:61":25,"f:82:44:82:57":1,"s:82:57:82:59":26,"s:83:6:83:Infinity":27,"s:86:17:86:38":28,"s:87:4:87:Infinity":29,"s:89:4:89:Infinity":30,"s:90:4:90:Infinity":31,"s:95:0:113:Infinity":32,"f:95:30:95:37":2,"s:96:2:111:Infinity":33,"b:97:4:98:Infinity:undefined:undefined:undefined:undefined":6,"s:97:4:98:Infinity":34,"s:98:6:98:Infinity":35,"s:100:21:101:Infinity":36,"b:103:4:105:Infinity:undefined:undefined:undefined:undefined":7,"s:103:4:105:Infinity":37,"s:104:22:104:61":38,"f:104:44:104:57":3,"s:104:57:104:59":39,"s:105:6:105:Infinity":40,"s:107:17:107:38":41,"s:108:4:108:Infinity":42,"s:110:4:110:Infinity":43,"s:111:4:111:Infinity":44,"s:116:0:147:Infinity":45,"f:116:24:116:31":4,"s:117:2:145:Infinity":46,"s:118:4:118:Infinity":47,"s:119:40:119:Infinity":48,"b:120:4:121:Infinity:undefined:undefined:undefined:undefined":8,"s:120:4:121:Infinity":49,"s:121:6:121:Infinity":50,"s:124:19:130:6":51,"b:132:4:132:Infinity:undefined:undefined:undefined:undefined":9,"s:132:4:132:Infinity":52,"s:132:19:132:Infinity":53,"b:133:4:133:Infinity:undefined:undefined:undefined:undefined":10,"s:133:4:133:Infinity":54,"s:133:15:133:Infinity":55,"s:135:23:135:Infinity":56,"s:137:21:137:44":57,"s:138:17:138:38":58,"s:139:4:139:Infinity":59,"s:140:4:140:Infinity":60,"s:142:4:142:Infinity":61,"s:144:4:144:Infinity":62,"s:145:4:145:Infinity":63,"s:150:0:175:Infinity":64,"f:150:27:150:34":5,"s:151:2:173:Infinity":65,"s:152:4:152:Infinity":66,"s:153:26:153:Infinity":67,"b:154:4:155:Infinity:undefined:undefined:undefined:undefined":11,"s:154:4:155:Infinity":68,"s:155:6:155:Infinity":69,"s:159:16:159:Infinity":70,"s:161:21:167:6":71,"s:169:17:169:38":72,"s:170:4:170:Infinity":73,"s:172:4:172:Infinity":74,"s:173:4:173:Infinity":75,"s:178:0:178:Infinity":76,"s:181:0:183:Infinity":77,"f:181:4:181:9":6,"s:182:2:182:Infinity":78,"b:185:0:188:Infinity:undefined:undefined:undefined:undefined":12,"s:185:0:188:Infinity":79,"s:186:2:188:Infinity":80,"f:186:13:186:25":7,"s:187:4:187:Infinity":81}}}
,"C:\\Users\\devan\\Desktop\\promptwars\\src\\components\\Checklist\\ReadinessChecklist.jsx": {"path":"C:\\Users\\devan\\Desktop\\promptwars\\src\\components\\Checklist\\ReadinessChecklist.jsx","statementMap":{"0":{"start":{"line":17,"column":19},"end":{"line":47,"column":null}},"1":{"start":{"line":50,"column":19},"end":{"line":50,"column":60}},"2":{"start":{"line":51,"column":23},"end":{"line":51,"column":56}},"3":{"start":{"line":53,"column":25},"end":{"line":53,"column":null}},"4":{"start":{"line":56,"column":8},"end":{"line":66,"column":41}},"5":{"start":{"line":57,"column":18},"end":{"line":57,"column":null}},"6":{"start":{"line":58,"column":22},"end":{"line":60,"column":null}},"7":{"start":{"line":59,"column":6},"end":{"line":59,"column":41}},"8":{"start":{"line":61,"column":4},"end":{"line":65,"column":null}},"9":{"start":{"line":69,"column":8},"end":{"line":72,"column":null}},"10":{"start":{"line":70,"column":4},"end":{"line":70,"column":null}},"11":{"start":{"line":70,"column":32},"end":{"line":70,"column":null}},"12":{"start":{"line":71,"column":4},"end":{"line":71,"column":null}},"13":{"start":{"line":71,"column":32},"end":{"line":71,"column":null}},"14":{"start":{"line":72,"column":4},"end":{"line":72,"column":null}},"15":{"start":{"line":75,"column":8},"end":{"line":78,"column":null}},"16":{"start":{"line":76,"column":4},"end":{"line":76,"column":null}},"17":{"start":{"line":76,"column":32},"end":{"line":76,"column":null}},"18":{"start":{"line":77,"column":4},"end":{"line":77,"column":null}},"19":{"start":{"line":77,"column":32},"end":{"line":77,"column":null}},"20":{"start":{"line":78,"column":4},"end":{"line":78,"column":null}},"21":{"start":{"line":81,"column":2},"end":{"line":169,"column":null}},"22":{"start":{"line":121,"column":28},"end":{"line":121,"column":63}},"23":{"start":{"line":122,"column":29},"end":{"line":122,"column":null}},"24":{"start":{"line":124,"column":10},"end":{"line":166,"column":null}},"25":{"start":{"line":135,"column":34},"end":{"line":135,"column":62}},"26":{"start":{"line":150,"column":31},"end":{"line":150,"column":75}}},"fnMap":{"0":{"name":"ReadinessChecklist","decl":{"start":{"line":49,"column":24},"end":{"line":49,"column":45}},"loc":{"start":{"line":49,"column":45},"end":{"line":169,"column":null}},"line":49},"1":{"name":"(anonymous_1)","decl":{"start":{"line":56,"column":16},"end":{"line":56,"column":30}},"loc":{"start":{"line":56,"column":30},"end":{"line":66,"column":6}},"line":56},"2":{"name":"(anonymous_2)","decl":{"start":{"line":58,"column":37},"end":{"line":58,"column":45}},"loc":{"start":{"line":59,"column":6},"end":{"line":59,"column":41}},"line":59},"3":{"name":"(anonymous_3)","decl":{"start":{"line":69,"column":8},"end":{"line":69,"column":30}},"loc":{"start":{"line":69,"column":30},"end":{"line":72,"column":null}},"line":69},"4":{"name":"(anonymous_4)","decl":{"start":{"line":75,"column":8},"end":{"line":75,"column":30}},"loc":{"start":{"line":75,"column":30},"end":{"line":78,"column":null}},"line":75},"5":{"name":"(anonymous_5)","decl":{"start":{"line":120,"column":24},"end":{"line":120,"column":29}},"loc":{"start":{"line":120,"column":38},"end":{"line":166,"column":null}},"line":120},"6":{"name":"(anonymous_6)","decl":{"start":{"line":135,"column":18},"end":{"line":135,"column":34}},"loc":{"start":{"line":135,"column":34},"end":{"line":135,"column":62}},"line":135},"7":{"name":"(anonymous_7)","decl":{"start":{"line":150,"column":16},"end":{"line":150,"column":31}},"loc":{"start":{"line":150,"column":31},"end":{"line":150,"column":75}},"line":150}},"branchMap":{"0":{"loc":{"start":{"line":53,"column":25},"end":{"line":53,"column":null}},"type":"binary-expr","locations":[{"start":{"line":53,"column":25},"end":{"line":53,"column":58}},{"start":{"line":53,"column":58},"end":{"line":53,"column":null}}],"line":53},"1":{"loc":{"start":{"line":64,"column":18},"end":{"line":64,"column":null}},"type":"cond-expr","locations":[{"start":{"line":64,"column":30},"end":{"line":64,"column":67}},{"start":{"line":64,"column":70},"end":{"line":64,"column":null}}],"line":64},"2":{"loc":{"start":{"line":70,"column":4},"end":{"line":70,"column":null}},"type":"if","locations":[{"start":{"line":70,"column":4},"end":{"line":70,"column":null}},{"start":{},"end":{}}],"line":70},"3":{"loc":{"start":{"line":71,"column":4},"end":{"line":71,"column":null}},"type":"if","locations":[{"start":{"line":71,"column":4},"end":{"line":71,"column":null}},{"start":{},"end":{}}],"line":71},"4":{"loc":{"start":{"line":76,"column":4},"end":{"line":76,"column":null}},"type":"if","locations":[{"start":{"line":76,"column":4},"end":{"line":76,"column":null}},{"start":{},"end":{}}],"line":76},"5":{"loc":{"start":{"line":77,"column":4},"end":{"line":77,"column":null}},"type":"if","locations":[{"start":{"line":77,"column":4},"end":{"line":77,"column":null}},{"start":{},"end":{}}],"line":77},"6":{"loc":{"start":{"line":127,"column":43},"end":{"line":127,"column":null}},"type":"cond-expr","locations":[{"start":{"line":127,"column":55},"end":{"line":127,"column":72}},{"start":{"line":127,"column":72},"end":{"line":127,"column":null}}],"line":127},"7":{"loc":{"start":{"line":139,"column":19},"end":{"line":142,"column":null}},"type":"binary-expr","locations":[{"start":{"line":139,"column":19},"end":{"line":139,"column":null}},{"start":{"line":140,"column":20},"end":{"line":142,"column":null}}],"line":139},"8":{"loc":{"start":{"line":150,"column":47},"end":{"line":150,"column":75}},"type":"cond-expr","locations":[{"start":{"line":150,"column":60},"end":{"line":150,"column":67}},{"start":{"line":150,"column":67},"end":{"line":150,"column":75}}],"line":150},"9":{"loc":{"start":{"line":161,"column":15},"end":{"line":164,"column":null}},"type":"binary-expr","locations":[{"start":{"line":161,"column":15},"end":{"line":161,"column":null}},{"start":{"line":162,"column":16},"end":{"line":164,"column":null}}],"line":161}},"s":{"0":1,"1":4,"2":4,"3":4,"4":4,"5":4,"6":4,"7":22,"8":4,"9":4,"10":12,"11":0,"12":12,"13":3,"14":9,"15":4,"16":4,"17":0,"18":4,"19":1,"20":3,"21":4,"22":22,"23":22,"24":22,"25":1,"26":0},"f":{"0":4,"1":4,"2":22,"3":12,"4":4,"5":22,"6":1,"7":0},"b":{"0":[4,0],"1":[4,0],"2":[0,12],"3":[3,9],"4":[0,4],"5":[1,3],"6":[3,19],"7":[22,3],"8":[0,0],"9":[22,0]},"meta":{"lastBranch":10,"lastFunction":8,"lastStatement":27,"seen":{"s:17:19:47:Infinity":0,"f:49:24:49:45":0,"s:50:19:50:60":1,"s:51:23:51:56":2,"s:53:25:53:Infinity":3,"b:53:25:53:58:53:58:53:Infinity":0,"s:56:8:66:41":4,"f:56:16:56:30":1,"s:57:18:57:Infinity":5,"s:58:22:60:Infinity":6,"f:58:37:58:45":2,"s:59:6:59:41":7,"s:61:4:65:Infinity":8,"b:64:30:64:67:64:70:64:Infinity":1,"s:69:8:72:Infinity":9,"f:69:8:69:30":3,"b:70:4:70:Infinity:undefined:undefined:undefined:undefined":2,"s:70:4:70:Infinity":10,"s:70:32:70:Infinity":11,"b:71:4:71:Infinity:undefined:undefined:undefined:undefined":3,"s:71:4:71:Infinity":12,"s:71:32:71:Infinity":13,"s:72:4:72:Infinity":14,"s:75:8:78:Infinity":15,"f:75:8:75:30":4,"b:76:4:76:Infinity:undefined:undefined:undefined:undefined":4,"s:76:4:76:Infinity":16,"s:76:32:76:Infinity":17,"b:77:4:77:Infinity:undefined:undefined:undefined:undefined":5,"s:77:4:77:Infinity":18,"s:77:32:77:Infinity":19,"s:78:4:78:Infinity":20,"s:81:2:169:Infinity":21,"f:120:24:120:29":5,"s:121:28:121:63":22,"s:122:29:122:Infinity":23,"s:124:10:166:Infinity":24,"b:127:55:127:72:127:72:127:Infinity":6,"f:135:18:135:34":6,"s:135:34:135:62":25,"b:139:19:139:Infinity:140:20:142:Infinity":7,"f:150:16:150:31":7,"s:150:31:150:75":26,"b:150:60:150:67:150:67:150:75":8,"b:161:15:161:Infinity:162:16:164:Infinity":9}}}
,"C:\\Users\\devan\\Desktop\\promptwars\\src\\components\\Checklist\\ReadinessChecklist.module.css": {"path":"C:\\Users\\devan\\Desktop\\promptwars\\src\\components\\Checklist\\ReadinessChecklist.module.css","statementMap":{},"fnMap":{},"branchMap":{},"s":{},"f":{},"b":{},"meta":{"lastBranch":0,"lastFunction":0,"lastStatement":0,"seen":{}}}
,"C:\\Users\\devan\\Desktop\\promptwars\\src\\context\\VoterProfileContext.jsx": {"path":"C:\\Users\\devan\\Desktop\\promptwars\\src\\context\\VoterProfileContext.jsx","statementMap":{"0":{"start":{"line":12,"column":20},"end":{"line":12,"column":null}},"1":{"start":{"line":15,"column":30},"end":{"line":24,"column":null}},"2":{"start":{"line":28,"column":2},"end":{"line":36,"column":null}},"3":{"start":{"line":29,"column":19},"end":{"line":29,"column":52}},"4":{"start":{"line":30,"column":4},"end":{"line":32,"column":null}},"5":{"start":{"line":31,"column":21},"end":{"line":31,"column":39}},"6":{"start":{"line":32,"column":6},"end":{"line":32,"column":null}},"7":{"start":{"line":36,"column":4},"end":{"line":36,"column":null}},"8":{"start":{"line":38,"column":2},"end":{"line":38,"column":null}},"9":{"start":{"line":43,"column":2},"end":{"line":45,"column":null}},"10":{"start":{"line":44,"column":4},"end":{"line":44,"column":null}},"11":{"start":{"line":51,"column":23},"end":{"line":57,"column":null}},"12":{"start":{"line":61,"column":2},"end":{"line":91,"column":null}},"13":{"start":{"line":63,"column":6},"end":{"line":63,"column":null}},"14":{"start":{"line":66,"column":6},"end":{"line":66,"column":null}},"15":{"start":{"line":69,"column":21},"end":{"line":69,"column":null}},"16":{"start":{"line":70,"column":21},"end":{"line":70,"column":58}},"17":{"start":{"line":71,"column":29},"end":{"line":73,"column":43}},"18":{"start":{"line":72,"column":45},"end":{"line":72,"column":58}},"19":{"start":{"line":74,"column":6},"end":{"line":74,"column":null}},"20":{"start":{"line":78,"column":21},"end":{"line":78,"column":null}},"21":{"start":{"line":79,"column":18},"end":{"line":79,"column":50}},"22":{"start":{"line":80,"column":24},"end":{"line":82,"column":38}},"23":{"start":{"line":81,"column":41},"end":{"line":81,"column":55}},"24":{"start":{"line":83,"column":6},"end":{"line":83,"column":null}},"25":{"start":{"line":87,"column":6},"end":{"line":87,"column":null}},"26":{"start":{"line":88,"column":6},"end":{"line":88,"column":null}},"27":{"start":{"line":91,"column":6},"end":{"line":91,"column":null}},"28":{"start":{"line":96,"column":6},"end":{"line":96,"column":47}},"29":{"start":{"line":102,"column":26},"end":{"line":102,"column":39}},"30":{"start":{"line":103,"column":18},"end":{"line":105,"column":null}},"31":{"start":{"line":109,"column":2},"end":{"line":113,"column":null}},"32":{"start":{"line":110,"column":4},"end":{"line":111,"column":null}},"33":{"start":{"line":111,"column":6},"end":{"line":111,"column":null}},"34":{"start":{"line":116,"column":8},"end":{"line":118,"column":8}},"35":{"start":{"line":117,"column":4},"end":{"line":117,"column":null}},"36":{"start":{"line":120,"column":8},"end":{"line":122,"column":8}},"37":{"start":{"line":121,"column":4},"end":{"line":121,"column":null}},"38":{"start":{"line":124,"column":8},"end":{"line":126,"column":8}},"39":{"start":{"line":125,"column":4},"end":{"line":125,"column":null}},"40":{"start":{"line":128,"column":8},"end":{"line":130,"column":8}},"41":{"start":{"line":129,"column":4},"end":{"line":129,"column":null}},"42":{"start":{"line":132,"column":8},"end":{"line":134,"column":8}},"43":{"start":{"line":133,"column":4},"end":{"line":133,"column":null}},"44":{"start":{"line":137,"column":29},"end":{"line":138,"column":null}},"45":{"start":{"line":142,"column":22},"end":{"line":142,"column":null}},"46":{"start":{"line":144,"column":16},"end":{"line":152,"column":null}},"47":{"start":{"line":154,"column":2},"end":{"line":157,"column":null}},"48":{"start":{"line":165,"column":8},"end":{"line":165,"column":49}},"49":{"start":{"line":166,"column":2},"end":{"line":167,"column":null}},"50":{"start":{"line":167,"column":4},"end":{"line":167,"column":null}},"51":{"start":{"line":169,"column":2},"end":{"line":169,"column":null}}},"fnMap":{"0":{"name":"loadProfile","decl":{"start":{"line":27,"column":9},"end":{"line":27,"column":23}},"loc":{"start":{"line":27,"column":23},"end":{"line":38,"column":null}},"line":27},"1":{"name":"saveProfile","decl":{"start":{"line":42,"column":9},"end":{"line":42,"column":21}},"loc":{"start":{"line":42,"column":30},"end":{"line":45,"column":null}},"line":42},"2":{"name":"profileReducer","decl":{"start":{"line":60,"column":16},"end":{"line":60,"column":31}},"loc":{"start":{"line":60,"column":46},"end":{"line":91,"column":null}},"line":60},"3":{"name":"(anonymous_3)","decl":{"start":{"line":72,"column":31},"end":{"line":72,"column":39}},"loc":{"start":{"line":72,"column":45},"end":{"line":72,"column":58}},"line":72},"4":{"name":"(anonymous_4)","decl":{"start":{"line":81,"column":26},"end":{"line":81,"column":34}},"loc":{"start":{"line":81,"column":41},"end":{"line":81,"column":55}},"line":81},"5":{"name":"VoterProfileProvider","decl":{"start":{"line":101,"column":16},"end":{"line":101,"column":37}},"loc":{"start":{"line":101,"column":51},"end":{"line":157,"column":null}},"line":101},"6":{"name":"(anonymous_6)","decl":{"start":{"line":109,"column":2},"end":{"line":109,"column":18}},"loc":{"start":{"line":109,"column":18},"end":{"line":113,"column":6}},"line":109},"7":{"name":"(anonymous_7)","decl":{"start":{"line":116,"column":21},"end":{"line":116,"column":34}},"loc":{"start":{"line":116,"column":50},"end":{"line":118,"column":7}},"line":116},"8":{"name":"(anonymous_8)","decl":{"start":{"line":120,"column":25},"end":{"line":120,"column":38}},"loc":{"start":{"line":120,"column":51},"end":{"line":122,"column":7}},"line":120},"9":{"name":"(anonymous_9)","decl":{"start":{"line":124,"column":21},"end":{"line":124,"column":34}},"loc":{"start":{"line":124,"column":45},"end":{"line":126,"column":7}},"line":124},"10":{"name":"(anonymous_10)","decl":{"start":{"line":128,"column":23},"end":{"line":128,"column":41}},"loc":{"start":{"line":128,"column":41},"end":{"line":130,"column":7}},"line":128},"11":{"name":"(anonymous_11)","decl":{"start":{"line":132,"column":30},"end":{"line":132,"column":43}},"loc":{"start":{"line":132,"column":54},"end":{"line":134,"column":7}},"line":132},"12":{"name":"useVoterProfile","decl":{"start":{"line":164,"column":16},"end":{"line":164,"column":34}},"loc":{"start":{"line":164,"column":34},"end":{"line":169,"column":null}},"line":164}},"branchMap":{"0":{"loc":{"start":{"line":30,"column":4},"end":{"line":32,"column":null}},"type":"if","locations":[{"start":{"line":30,"column":4},"end":{"line":32,"column":null}},{"start":{},"end":{}}],"line":30},"1":{"loc":{"start":{"line":61,"column":2},"end":{"line":91,"column":null}},"type":"switch","locations":[{"start":{"line":62,"column":4},"end":{"line":63,"column":null}},{"start":{"line":65,"column":4},"end":{"line":66,"column":null}},{"start":{"line":68,"column":4},"end":{"line":74,"column":null}},{"start":{"line":77,"column":4},"end":{"line":83,"column":null}},{"start":{"line":86,"column":4},"end":{"line":88,"column":null}},{"start":{"line":90,"column":4},"end":{"line":91,"column":null}}],"line":61},"2":{"loc":{"start":{"line":71,"column":29},"end":{"line":73,"column":43}},"type":"cond-expr","locations":[{"start":{"line":72,"column":10},"end":{"line":72,"column":58}},{"start":{"line":73,"column":10},"end":{"line":73,"column":43}}],"line":71},"3":{"loc":{"start":{"line":80,"column":24},"end":{"line":82,"column":38}},"type":"cond-expr","locations":[{"start":{"line":81,"column":10},"end":{"line":81,"column":55}},{"start":{"line":82,"column":10},"end":{"line":82,"column":38}}],"line":80},"4":{"loc":{"start":{"line":105,"column":4},"end":{"line":105,"column":44}},"type":"binary-expr","locations":[{"start":{"line":105,"column":4},"end":{"line":105,"column":23}},{"start":{"line":105,"column":23},"end":{"line":105,"column":44}}],"line":105},"5":{"loc":{"start":{"line":110,"column":4},"end":{"line":111,"column":null}},"type":"if","locations":[{"start":{"line":110,"column":4},"end":{"line":111,"column":null}},{"start":{},"end":{}}],"line":110},"6":{"loc":{"start":{"line":138,"column":4},"end":{"line":138,"column":null}},"type":"binary-expr","locations":[{"start":{"line":138,"column":4},"end":{"line":138,"column":25}},{"start":{"line":138,"column":25},"end":{"line":138,"column":42}},{"start":{"line":138,"column":42},"end":{"line":138,"column":null}}],"line":138},"7":{"loc":{"start":{"line":142,"column":22},"end":{"line":142,"column":null}},"type":"binary-expr","locations":[{"start":{"line":142,"column":22},"end":{"line":142,"column":45}},{"start":{"line":142,"column":45},"end":{"line":142,"column":null}}],"line":142},"8":{"loc":{"start":{"line":166,"column":2},"end":{"line":167,"column":null}},"type":"if","locations":[{"start":{"line":166,"column":2},"end":{"line":167,"column":null}},{"start":{},"end":{}}],"line":166}},"s":{"0":2,"1":2,"2":0,"3":0,"4":0,"5":0,"6":0,"7":0,"8":0,"9":0,"10":0,"11":2,"12":6,"13":1,"14":0,"15":1,"16":1,"17":1,"18":0,"19":1,"20":2,"21":2,"22":2,"23":1,"24":2,"25":1,"26":1,"27":1,"28":2,"29":0,"30":0,"31":0,"32":0,"33":0,"34":0,"35":0,"36":0,"37":0,"38":0,"39":0,"40":0,"41":0,"42":0,"43":0,"44":0,"45":0,"46":0,"47":0,"48":0,"49":0,"50":0,"51":0},"f":{"0":0,"1":0,"2":6,"3":0,"4":1,"5":0,"6":0,"7":0,"8":0,"9":0,"10":0,"11":0,"12":0},"b":{"0":[0,0],"1":[1,0,1,2,1,1],"2":[0,1],"3":[1,1],"4":[0,0],"5":[0,0],"6":[0,0,0],"7":[0,0],"8":[0,0]},"meta":{"lastBranch":9,"lastFunction":13,"lastStatement":52,"seen":{"s:12:20:12:Infinity":0,"s:15:30:24:Infinity":1,"f:27:9:27:23":0,"s:28:2:36:Infinity":2,"s:29:19:29:52":3,"b:30:4:32:Infinity:undefined:undefined:undefined:undefined":0,"s:30:4:32:Infinity":4,"s:31:21:31:39":5,"s:32:6:32:Infinity":6,"s:36:4:36:Infinity":7,"s:38:2:38:Infinity":8,"f:42:9:42:21":1,"s:43:2:45:Infinity":9,"s:44:4:44:Infinity":10,"s:51:23:57:Infinity":11,"f:60:16:60:31":2,"b:62:4:63:Infinity:65:4:66:Infinity:68:4:74:Infinity:77:4:83:Infinity:86:4:88:Infinity:90:4:91:Infinity":1,"s:61:2:91:Infinity":12,"s:63:6:63:Infinity":13,"s:66:6:66:Infinity":14,"s:69:21:69:Infinity":15,"s:70:21:70:58":16,"s:71:29:73:43":17,"b:72:10:72:58:73:10:73:43":2,"f:72:31:72:39":3,"s:72:45:72:58":18,"s:74:6:74:Infinity":19,"s:78:21:78:Infinity":20,"s:79:18:79:50":21,"s:80:24:82:38":22,"b:81:10:81:55:82:10:82:38":3,"f:81:26:81:34":4,"s:81:41:81:55":23,"s:83:6:83:Infinity":24,"s:87:6:87:Infinity":25,"s:88:6:88:Infinity":26,"s:91:6:91:Infinity":27,"s:96:6:96:47":28,"f:101:16:101:37":5,"s:102:26:102:39":29,"s:103:18:105:Infinity":30,"b:105:4:105:23:105:23:105:44":4,"s:109:2:113:Infinity":31,"f:109:2:109:18":6,"b:110:4:111:Infinity:undefined:undefined:undefined:undefined":5,"s:110:4:111:Infinity":32,"s:111:6:111:Infinity":33,"s:116:8:118:8":34,"f:116:21:116:34":7,"s:117:4:117:Infinity":35,"s:120:8:122:8":36,"f:120:25:120:38":8,"s:121:4:121:Infinity":37,"s:124:8:126:8":38,"f:124:21:124:34":9,"s:125:4:125:Infinity":39,"s:128:8:130:8":40,"f:128:23:128:41":10,"s:129:4:129:Infinity":41,"s:132:8:134:8":42,"f:132:30:132:43":11,"s:133:4:133:Infinity":43,"s:137:29:138:Infinity":44,"b:138:4:138:25:138:25:138:42:138:42:138:Infinity":6,"s:142:22:142:Infinity":45,"b:142:22:142:45:142:45:142:Infinity":7,"s:144:16:152:Infinity":46,"s:154:2:157:Infinity":47,"f:164:16:164:34":12,"s:165:8:165:49":48,"b:166:2:167:Infinity:undefined:undefined:undefined:undefined":8,"s:166:2:167:Infinity":49,"s:167:4:167:Infinity":50,"s:169:2:169:Infinity":51}}}
}
