{"C:\\Users\\devan\\Desktop\\promptwars\\server.js": {"path":"C:\\Users\\devan\\Desktop\\promptwars\\server.js","statementMap":{"0":{"start":{"line":1,"column":20},"end":{"line":1,"column":null}},"1":{"start":{"line":10,"column":0},"end":{"line":10,"column":null}},"2":{"start":{"line":12,"column":19},"end":{"line":12,"column":49}},"3":{"start":{"line":13,"column":18},"end":{"line":13,"column":42}},"4":{"start":{"line":15,"column":6},"end":{"line":15,"column":21}},"5":{"start":{"line":16,"column":13},"end":{"line":16,"column":null}},"6":{"start":{"line":19,"column":0},"end":{"line":19,"column":null}},"7":{"start":{"line":22,"column":0},"end":{"line":34,"column":null}},"8":{"start":{"line":37,"column":20},"end":{"line":38,"column":null}},"9":{"start":{"line":40,"column":0},"end":{"line":40,"column":null}},"10":{"start":{"line":41,"column":0},"end":{"line":41,"column":null}},"11":{"start":{"line":43,"column":6},"end":{"line":47,"column":2}},"12":{"start":{"line":50,"column":0},"end":{"line":50,"column":null}},"13":{"start":{"line":52,"column":14},"end":{"line":52,"column":75}},"14":{"start":{"line":57,"column":0},"end":{"line":91,"column":null}},"15":{"start":{"line":58,"column":2},"end":{"line":89,"column":null}},"16":{"start":{"line":59,"column":39},"end":{"line":59,"column":null}},"17":{"start":{"line":62,"column":26},"end":{"line":62,"column":null}},"18":{"start":{"line":63,"column":4},"end":{"line":64,"column":null}},"19":{"start":{"line":64,"column":6},"end":{"line":64,"column":null}},"20":{"start":{"line":67,"column":4},"end":{"line":68,"column":null}},"21":{"start":{"line":68,"column":6},"end":{"line":68,"column":null}},"22":{"start":{"line":71,"column":21},"end":{"line":77,"column":null}},"23":{"start":{"line":80,"column":4},"end":{"line":82,"column":null}},"24":{"start":{"line":81,"column":22},"end":{"line":81,"column":61}},"25":{"start":{"line":81,"column":57},"end":{"line":81,"column":59}},"26":{"start":{"line":82,"column":6},"end":{"line":82,"column":null}},"27":{"start":{"line":85,"column":17},"end":{"line":85,"column":38}},"28":{"start":{"line":86,"column":4},"end":{"line":86,"column":null}},"29":{"start":{"line":88,"column":4},"end":{"line":88,"column":null}},"30":{"start":{"line":89,"column":4},"end":{"line":89,"column":null}},"31":{"start":{"line":94,"column":0},"end":{"line":112,"column":null}},"32":{"start":{"line":95,"column":2},"end":{"line":110,"column":null}},"33":{"start":{"line":96,"column":4},"end":{"line":97,"column":null}},"34":{"start":{"line":97,"column":6},"end":{"line":97,"column":null}},"35":{"start":{"line":99,"column":21},"end":{"line":100,"column":null}},"36":{"start":{"line":102,"column":4},"end":{"line":104,"column":null}},"37":{"start":{"line":103,"column":22},"end":{"line":103,"column":61}},"38":{"start":{"line":103,"column":57},"end":{"line":103,"column":59}},"39":{"start":{"line":104,"column":6},"end":{"line":104,"column":null}},"40":{"start":{"line":106,"column":17},"end":{"line":106,"column":38}},"41":{"start":{"line":107,"column":4},"end":{"line":107,"column":null}},"42":{"start":{"line":109,"column":4},"end":{"line":109,"column":null}},"43":{"start":{"line":110,"column":4},"end":{"line":110,"column":null}},"44":{"start":{"line":115,"column":0},"end":{"line":145,"column":null}},"45":{"start":{"line":116,"column":2},"end":{"line":143,"column":null}},"46":{"start":{"line":117,"column":40},"end":{"line":117,"column":null}},"47":{"start":{"line":118,"column":4},"end":{"line":119,"column":null}},"48":{"start":{"line":119,"column":6},"end":{"line":119,"column":null}},"49":{"start":{"line":122,"column":19},"end":{"line":128,"column":6}},"50":{"start":{"line":130,"column":4},"end":{"line":130,"column":null}},"51":{"start":{"line":130,"column":19},"end":{"line":130,"column":null}},"52":{"start":{"line":131,"column":4},"end":{"line":131,"column":null}},"53":{"start":{"line":131,"column":15},"end":{"line":131,"column":null}},"54":{"start":{"line":133,"column":23},"end":{"line":133,"column":null}},"55":{"start":{"line":135,"column":21},"end":{"line":135,"column":44}},"56":{"start":{"line":136,"column":17},"end":{"line":136,"column":38}},"57":{"start":{"line":137,"column":4},"end":{"line":137,"column":null}},"58":{"start":{"line":138,"column":4},"end":{"line":138,"column":null}},"59":{"start":{"line":140,"column":4},"end":{"line":140,"column":null}},"60":{"start":{"line":142,"column":4},"end":{"line":142,"column":null}},"61":{"start":{"line":143,"column":4},"end":{"line":143,"column":null}},"62":{"start":{"line":148,"column":0},"end":{"line":172,"column":null}},"63":{"start":{"line":149,"column":2},"end":{"line":170,"column":null}},"64":{"start":{"line":150,"column":26},"end":{"line":150,"column":null}},"65":{"start":{"line":151,"column":4},"end":{"line":152,"column":null}},"66":{"start":{"line":152,"column":6},"end":{"line":152,"column":null}},"67":{"start":{"line":156,"column":16},"end":{"line":156,"column":null}},"68":{"start":{"line":158,"column":21},"end":{"line":164,"column":6}},"69":{"start":{"line":166,"column":17},"end":{"line":166,"column":38}},"70":{"start":{"line":167,"column":4},"end":{"line":167,"column":null}},"71":{"start":{"line":169,"column":4},"end":{"line":169,"column":null}},"72":{"start":{"line":170,"column":4},"end":{"line":170,"column":null}},"73":{"start":{"line":175,"column":0},"end":{"line":175,"column":null}},"74":{"start":{"line":178,"column":0},"end":{"line":180,"column":null}},"75":{"start":{"line":179,"column":2},"end":{"line":179,"column":null}},"76":{"start":{"line":183,"column":0},"end":{"line":190,"column":null}},"77":{"start":{"line":185,"column":2},"end":{"line":187,"column":null}},"78":{"start":{"line":189,"column":2},"end":{"line":189,"column":null}}},"fnMap":{"0":{"name":"(anonymous_0)","decl":{"start":{"line":57,"column":24},"end":{"line":57,"column":31}},"loc":{"start":{"line":57,"column":44},"end":{"line":91,"column":null}},"line":57},"1":{"name":"(anonymous_1)","decl":{"start":{"line":81,"column":44},"end":{"line":81,"column":57}},"loc":{"start":{"line":81,"column":57},"end":{"line":81,"column":59}},"line":81},"2":{"name":"(anonymous_2)","decl":{"start":{"line":94,"column":30},"end":{"line":94,"column":37}},"loc":{"start":{"line":94,"column":50},"end":{"line":112,"column":null}},"line":94},"3":{"name":"(anonymous_3)","decl":{"start":{"line":103,"column":44},"end":{"line":103,"column":57}},"loc":{"start":{"line":103,"column":57},"end":{"line":103,"column":59}},"line":103},"4":{"name":"(anonymous_4)","decl":{"start":{"line":115,"column":24},"end":{"line":115,"column":31}},"loc":{"start":{"line":115,"column":44},"end":{"line":145,"column":null}},"line":115},"5":{"name":"(anonymous_5)","decl":{"start":{"line":148,"column":27},"end":{"line":148,"column":34}},"loc":{"start":{"line":148,"column":47},"end":{"line":172,"column":null}},"line":148},"6":{"name":"(anonymous_6)","decl":{"start":{"line":178,"column":4},"end":{"line":178,"column":9}},"loc":{"start":{"line":178,"column":22},"end":{"line":180,"column":null}},"line":178},"7":{"name":"(anonymous_7)","decl":{"start":{"line":183,"column":4},"end":{"line":183,"column":9}},"loc":{"start":{"line":183,"column":33},"end":{"line":190,"column":null}},"line":183}},"branchMap":{"0":{"loc":{"start":{"line":16,"column":13},"end":{"line":16,"column":null}},"type":"binary-expr","locations":[{"start":{"line":16,"column":13},"end":{"line":16,"column":33}},{"start":{"line":16,"column":33},"end":{"line":16,"column":null}}],"line":16},"1":{"loc":{"start":{"line":38,"column":2},"end":{"line":38,"column":null}},"type":"cond-expr","locations":[{"start":{"line":38,"column":51},"end":{"line":38,"column":101}},{"start":{"line":38,"column":104},"end":{"line":38,"column":null}}],"line":38},"2":{"loc":{"start":{"line":52,"column":37},"end":{"line":52,"column":75}},"type":"binary-expr","locations":[{"start":{"line":52,"column":37},"end":{"line":52,"column":72}},{"start":{"line":52,"column":72},"end":{"line":52,"column":75}}],"line":52},"3":{"loc":{"start":{"line":63,"column":4},"end":{"line":64,"column":null}},"type":"if","locations":[{"start":{"line":63,"column":4},"end":{"line":64,"column":null}},{"start":{},"end":{}}],"line":63},"4":{"loc":{"start":{"line":67,"column":4},"end":{"line":68,"column":null}},"type":"if","locations":[{"start":{"line":67,"column":4},"end":{"line":68,"column":null}},{"start":{},"end":{}}],"line":67},"5":{"loc":{"start":{"line":80,"column":4},"end":{"line":82,"column":null}},"type":"if","locations":[{"start":{"line":80,"column":4},"end":{"line":82,"column":null}},{"start":{},"end":{}}],"line":80},"6":{"loc":{"start":{"line":96,"column":4},"end":{"line":97,"column":null}},"type":"if","locations":[{"start":{"line":96,"column":4},"end":{"line":97,"column":null}},{"start":{},"end":{}}],"line":96},"7":{"loc":{"start":{"line":102,"column":4},"end":{"line":104,"column":null}},"type":"if","locations":[{"start":{"line":102,"column":4},"end":{"line":104,"column":null}},{"start":{},"end":{}}],"line":102},"8":{"loc":{"start":{"line":118,"column":4},"end":{"line":119,"column":null}},"type":"if","locations":[{"start":{"line":118,"column":4},"end":{"line":119,"column":null}},{"start":{},"end":{}}],"line":118},"9":{"loc":{"start":{"line":130,"column":4},"end":{"line":130,"column":null}},"type":"if","locations":[{"start":{"line":130,"column":4},"end":{"line":130,"column":null}},{"start":{},"end":{}}],"line":130},"10":{"loc":{"start":{"line":131,"column":4},"end":{"line":131,"column":null}},"type":"if","locations":[{"start":{"line":131,"column":4},"end":{"line":131,"column":null}},{"start":{},"end":{}}],"line":131},"11":{"loc":{"start":{"line":151,"column":4},"end":{"line":152,"column":null}},"type":"if","locations":[{"start":{"line":151,"column":4},"end":{"line":152,"column":null}},{"start":{},"end":{}}],"line":151},"12":{"loc":{"start":{"line":185,"column":2},"end":{"line":187,"column":null}},"type":"if","locations":[{"start":{"line":185,"column":2},"end":{"line":187,"column":null}},{"start":{},"end":{}}],"line":185},"13":{"loc":{"start":{"line":185,"column":6},"end":{"line":185,"column":61}},"type":"binary-expr","locations":[{"start":{"line":185,"column":6},"end":{"line":185,"column":53}},{"start":{"line":185,"column":21},"end":{"line":185,"column":61}}],"line":185},"14":{"loc":{"start":{"line":189,"column":13},"end":{"line":189,"column":31}},"type":"binary-expr","locations":[{"start":{"line":189,"column":13},"end":{"line":189,"column":27}},{"start":{"line":189,"column":27},"end":{"line":189,"column":31}}],"line":189},"15":{"loc":{"start":{"line":189,"column":46},"end":{"line":189,"column":108}},"type":"binary-expr","locations":[{"start":{"line":189,"column":46},"end":{"line":189,"column":61}},{"start":{"line":189,"column":61},"end":{"line":189,"column":108}}],"line":189}},"s":{"0":1,"1":1,"2":1,"3":1,"4":1,"5":1,"6":1,"7":1,"8":1,"9":1,"10":1,"11":1,"12":1,"13":1,"14":1,"15":5,"16":5,"17":5,"18":5,"19":1,"20":4,"21":1,"22":3,"23":2,"24":1,"25":0,"26":0,"27":1,"28":1,"29":2,"30":2,"31":1,"32":4,"33":4,"34":1,"35":3,"36":2,"37":0,"38":0,"39":0,"40":2,"41":2,"42":1,"43":1,"44":1,"45":3,"46":3,"47":3,"48":1,"49":2,"50":2,"51":0,"52":2,"53":2,"54":2,"55":2,"56":1,"57":1,"58":1,"59":1,"60":1,"61":1,"62":1,"63":3,"64":3,"65":3,"66":1,"67":2,"68":2,"69":1,"70":1,"71":1,"72":1,"73":1,"74":1,"75":2,"76":1,"77":3,"78":3},"f":{"0":5,"1":0,"2":4,"3":0,"4":3,"5":3,"6":2,"7":3},"b":{"0":[1,1],"1":[0,1],"2":[1,0],"3":[1,4],"4":[1,3],"5":[1,1],"6":[1,3],"7":[0,2],"8":[1,2],"9":[0,2],"10":[0,2],"11":[1,2],"12":[0,3],"13":[3,1],"14":[3,0],"15":[3,0]},"meta":{"lastBranch":16,"lastFunction":8,"lastStatement":79,"seen":{"s:1:20:1:Infinity":0,"s:10:0:10:Infinity":1,"s:12:19:12:49":2,"s:13:18:13:42":3,"s:15:6:15:21":4,"s:16:13:16:Infinity":5,"b:16:13:16:33:16:33:16:Infinity":0,"s:19:0:19:Infinity":6,"s:22:0:34:Infinity":7,"s:37:20:38:Infinity":8,"b:38:51:38:101:38:104:38:Infinity":1,"s:40:0:40:Infinity":9,"s:41:0:41:Infinity":10,"s:43:6:47:2":11,"s:50:0:50:Infinity":12,"s:52:14:52:75":13,"b:52:37:52:72:52:72:52:75":2,"s:57:0:91:Infinity":14,"f:57:24:57:31":0,"s:58:2:89:Infinity":15,"s:59:39:59:Infinity":16,"s:62:26:62:Infinity":17,"b:63:4:64:Infinity:undefined:undefined:undefined:undefined":3,"s:63:4:64:Infinity":18,"s:64:6:64:Infinity":19,"b:67:4:68:Infinity:undefined:undefined:undefined:undefined":4,"s:67:4:68:Infinity":20,"s:68:6:68:Infinity":21,"s:71:21:77:Infinity":22,"b:80:4:82:Infinity:undefined:undefined:undefined:undefined":5,"s:80:4:82:Infinity":23,"s:81:22:81:61":24,"f:81:44:81:57":1,"s:81:57:81:59":25,"s:82:6:82:Infinity":26,"s:85:17:85:38":27,"s:86:4:86:Infinity":28,"s:88:4:88:Infinity":29,"s:89:4:89:Infinity":30,"s:94:0:112:Infinity":31,"f:94:30:94:37":2,"s:95:2:110:Infinity":32,"b:96:4:97:Infinity:undefined:undefined:undefined:undefined":6,"s:96:4:97:Infinity":33,"s:97:6:97:Infinity":34,"s:99:21:100:Infinity":35,"b:102:4:104:Infinity:undefined:undefined:undefined:undefined":7,"s:102:4:104:Infinity":36,"s:103:22:103:61":37,"f:103:44:103:57":3,"s:103:57:103:59":38,"s:104:6:104:Infinity":39,"s:106:17:106:38":40,"s:107:4:107:Infinity":41,"s:109:4:109:Infinity":42,"s:110:4:110:Infinity":43,"s:115:0:145:Infinity":44,"f:115:24:115:31":4,"s:116:2:143:Infinity":45,"s:117:40:117:Infinity":46,"b:118:4:119:Infinity:undefined:undefined:undefined:undefined":8,"s:118:4:119:Infinity":47,"s:119:6:119:Infinity":48,"s:122:19:128:6":49,"b:130:4:130:Infinity:undefined:undefined:undefined:undefined":9,"s:130:4:130:Infinity":50,"s:130:19:130:Infinity":51,"b:131:4:131:Infinity:undefined:undefined:undefined:undefined":10,"s:131:4:131:Infinity":52,"s:131:15:131:Infinity":53,"s:133:23:133:Infinity":54,"s:135:21:135:44":55,"s:136:17:136:38":56,"s:137:4:137:Infinity":57,"s:138:4:138:Infinity":58,"s:140:4:140:Infinity":59,"s:142:4:142:Infinity":60,"s:143:4:143:Infinity":61,"s:148:0:172:Infinity":62,"f:148:27:148:34":5,"s:149:2:170:Infinity":63,"s:150:26:150:Infinity":64,"b:151:4:152:Infinity:undefined:undefined:undefined:undefined":11,"s:151:4:152:Infinity":65,"s:152:6:152:Infinity":66,"s:156:16:156:Infinity":67,"s:158:21:164:6":68,"s:166:17:166:38":69,"s:167:4:167:Infinity":70,"s:169:4:169:Infinity":71,"s:170:4:170:Infinity":72,"s:175:0:175:Infinity":73,"s:178:0:180:Infinity":74,"f:178:4:178:9":6,"s:179:2:179:Infinity":75,"s:183:0:190:Infinity":76,"f:183:4:183:9":7,"b:185:2:187:Infinity:undefined:undefined:undefined:undefined":12,"s:185:2:187:Infinity":77,"b:185:6:185:53:185:21:185:61":13,"s:189:2:189:Infinity":78,"b:189:13:189:27:189:27:189:31":14,"b:189:46:189:61:189:61:189:108":15}}}
,"C:\\Users\\devan\\Desktop\\promptwars\\src\\components\\Checklist\\ReadinessChecklist.jsx": {"path":"C:\\Users\\devan\\Desktop\\promptwars\\src\\components\\Checklist\\ReadinessChecklist.jsx","statementMap":{"0":{"start":{"line":17,"column":19},"end":{"line":47,"column":null}},"1":{"start":{"line":50,"column":19},"end":{"line":50,"column":60}},"2":{"start":{"line":51,"column":23},"end":{"line":51,"column":56}},"3":{"start":{"line":53,"column":25},"end":{"line":53,"column":null}},"4":{"start":{"line":56,"column":8},"end":{"line":66,"column":41}},"5":{"start":{"line":57,"column":18},"end":{"line":57,"column":null}},"6":{"start":{"line":58,"column":22},"end":{"line":60,"column":null}},"7":{"start":{"line":59,"column":6},"end":{"line":59,"column":41}},"8":{"start":{"line":61,"column":4},"end":{"line":65,"column":null}},"9":{"start":{"line":69,"column":8},"end":{"line":72,"column":null}},"10":{"start":{"line":70,"column":4},"end":{"line":70,"column":null}},"11":{"start":{"line":70,"column":32},"end":{"line":70,"column":null}},"12":{"start":{"line":71,"column":4},"end":{"line":71,"column":null}},"13":{"start":{"line":71,"column":32},"end":{"line":71,"column":null}},"14":{"start":{"line":72,"column":4},"end":{"line":72,"column":null}},"15":{"start":{"line":75,"column":8},"end":{"line":78,"column":null}},"16":{"start":{"line":76,"column":4},"end":{"line":76,"column":null}},"17":{"start":{"line":76,"column":32},"end":{"line":76,"column":null}},"18":{"start":{"line":77,"column":4},"end":{"line":77,"column":null}},"19":{"start":{"line":77,"column":32},"end":{"line":77,"column":null}},"20":{"start":{"line":78,"column":4},"end":{"line":78,"column":null}},"21":{"start":{"line":81,"column":2},"end":{"line":169,"column":null}},"22":{"start":{"line":121,"column":28},"end":{"line":121,"column":63}},"23":{"start":{"line":122,"column":29},"end":{"line":122,"column":null}},"24":{"start":{"line":124,"column":10},"end":{"line":166,"column":null}},"25":{"start":{"line":135,"column":34},"end":{"line":135,"column":62}},"26":{"start":{"line":150,"column":31},"end":{"line":150,"column":75}}},"fnMap":{"0":{"name":"ReadinessChecklist","decl":{"start":{"line":49,"column":24},"end":{"line":49,"column":45}},"loc":{"start":{"line":49,"column":45},"end":{"line":169,"column":null}},"line":49},"1":{"name":"(anonymous_1)","decl":{"start":{"line":56,"column":16},"end":{"line":56,"column":30}},"loc":{"start":{"line":56,"column":30},"end":{"line":66,"column":6}},"line":56},"2":{"name":"(anonymous_2)","decl":{"start":{"line":58,"column":37},"end":{"line":58,"column":45}},"loc":{"start":{"line":59,"column":6},"end":{"line":59,"column":41}},"line":59},"3":{"name":"(anonymous_3)","decl":{"start":{"line":69,"column":8},"end":{"line":69,"column":30}},"loc":{"start":{"line":69,"column":30},"end":{"line":72,"column":null}},"line":69},"4":{"name":"(anonymous_4)","decl":{"start":{"line":75,"column":8},"end":{"line":75,"column":30}},"loc":{"start":{"line":75,"column":30},"end":{"line":78,"column":null}},"line":75},"5":{"name":"(anonymous_5)","decl":{"start":{"line":120,"column":24},"end":{"line":120,"column":29}},"loc":{"start":{"line":120,"column":38},"end":{"line":166,"column":null}},"line":120},"6":{"name":"(anonymous_6)","decl":{"start":{"line":135,"column":18},"end":{"line":135,"column":34}},"loc":{"start":{"line":135,"column":34},"end":{"line":135,"column":62}},"line":135},"7":{"name":"(anonymous_7)","decl":{"start":{"line":150,"column":16},"end":{"line":150,"column":31}},"loc":{"start":{"line":150,"column":31},"end":{"line":150,"column":75}},"line":150}},"branchMap":{"0":{"loc":{"start":{"line":53,"column":25},"end":{"line":53,"column":null}},"type":"binary-expr","locations":[{"start":{"line":53,"column":25},"end":{"line":53,"column":58}},{"start":{"line":53,"column":58},"end":{"line":53,"column":null}}],"line":53},"1":{"loc":{"start":{"line":64,"column":18},"end":{"line":64,"column":null}},"type":"cond-expr","locations":[{"start":{"line":64,"column":30},"end":{"line":64,"column":67}},{"start":{"line":64,"column":70},"end":{"line":64,"column":null}}],"line":64},"2":{"loc":{"start":{"line":70,"column":4},"end":{"line":70,"column":null}},"type":"if","locations":[{"start":{"line":70,"column":4},"end":{"line":70,"column":null}},{"start":{},"end":{}}],"line":70},"3":{"loc":{"start":{"line":71,"column":4},"end":{"line":71,"column":null}},"type":"if","locations":[{"start":{"line":71,"column":4},"end":{"line":71,"column":null}},{"start":{},"end":{}}],"line":71},"4":{"loc":{"start":{"line":76,"column":4},"end":{"line":76,"column":null}},"type":"if","locations":[{"start":{"line":76,"column":4},"end":{"line":76,"column":null}},{"start":{},"end":{}}],"line":76},"5":{"loc":{"start":{"line":77,"column":4},"end":{"line":77,"column":null}},"type":"if","locations":[{"start":{"line":77,"column":4},"end":{"line":77,"column":null}},{"start":{},"end":{}}],"line":77},"6":{"loc":{"start":{"line":127,"column":43},"end":{"line":127,"column":null}},"type":"cond-expr","locations":[{"start":{"line":127,"column":55},"end":{"line":127,"column":72}},{"start":{"line":127,"column":72},"end":{"line":127,"column":null}}],"line":127},"7":{"loc":{"start":{"line":139,"column":19},"end":{"line":142,"column":null}},"type":"binary-expr","locations":[{"start":{"line":139,"column":19},"end":{"line":139,"column":null}},{"start":{"line":140,"column":20},"end":{"line":142,"column":null}}],"line":139},"8":{"loc":{"start":{"line":150,"column":47},"end":{"line":150,"column":75}},"type":"cond-expr","locations":[{"start":{"line":150,"column":60},"end":{"line":150,"column":67}},{"start":{"line":150,"column":67},"end":{"line":150,"column":75}}],"line":150},"9":{"loc":{"start":{"line":161,"column":15},"end":{"line":164,"column":null}},"type":"binary-expr","locations":[{"start":{"line":161,"column":15},"end":{"line":161,"column":null}},{"start":{"line":162,"column":16},"end":{"line":164,"column":null}}],"line":161}},"s":{"0":1,"1":9,"2":9,"3":9,"4":9,"5":7,"6":7,"7":40,"8":7,"9":9,"10":27,"11":3,"12":24,"13":3,"14":21,"15":9,"16":9,"17":1,"18":8,"19":1,"20":7,"21":9,"22":52,"23":52,"24":52,"25":1,"26":2},"f":{"0":9,"1":7,"2":40,"3":27,"4":9,"5":52,"6":1,"7":2},"b":{"0":[9,1],"1":[7,0],"2":[3,24],"3":[3,21],"4":[1,8],"5":[1,7],"6":[8,44],"7":[52,8],"8":[1,1],"9":[52,1]},"meta":{"lastBranch":10,"lastFunction":8,"lastStatement":27,"seen":{"s:17:19:47:Infinity":0,"f:49:24:49:45":0,"s:50:19:50:60":1,"s:51:23:51:56":2,"s:53:25:53:Infinity":3,"b:53:25:53:58:53:58:53:Infinity":0,"s:56:8:66:41":4,"f:56:16:56:30":1,"s:57:18:57:Infinity":5,"s:58:22:60:Infinity":6,"f:58:37:58:45":2,"s:59:6:59:41":7,"s:61:4:65:Infinity":8,"b:64:30:64:67:64:70:64:Infinity":1,"s:69:8:72:Infinity":9,"f:69:8:69:30":3,"b:70:4:70:Infinity:undefined:undefined:undefined:undefined":2,"s:70:4:70:Infinity":10,"s:70:32:70:Infinity":11,"b:71:4:71:Infinity:undefined:undefined:undefined:undefined":3,"s:71:4:71:Infinity":12,"s:71:32:71:Infinity":13,"s:72:4:72:Infinity":14,"s:75:8:78:Infinity":15,"f:75:8:75:30":4,"b:76:4:76:Infinity:undefined:undefined:undefined:undefined":4,"s:76:4:76:Infinity":16,"s:76:32:76:Infinity":17,"b:77:4:77:Infinity:undefined:undefined:undefined:undefined":5,"s:77:4:77:Infinity":18,"s:77:32:77:Infinity":19,"s:78:4:78:Infinity":20,"s:81:2:169:Infinity":21,"f:120:24:120:29":5,"s:121:28:121:63":22,"s:122:29:122:Infinity":23,"s:124:10:166:Infinity":24,"b:127:55:127:72:127:72:127:Infinity":6,"f:135:18:135:34":6,"s:135:34:135:62":25,"b:139:19:139:Infinity:140:20:142:Infinity":7,"f:150:16:150:31":7,"s:150:31:150:75":26,"b:150:60:150:67:150:67:150:75":8,"b:161:15:161:Infinity:162:16:164:Infinity":9}}}
,"C:\\Users\\devan\\Desktop\\promptwars\\src\\components\\Checklist\\ReadinessChecklist.module.css": {"path":"C:\\Users\\devan\\Desktop\\promptwars\\src\\components\\Checklist\\ReadinessChecklist.module.css","statementMap":{},"fnMap":{},"branchMap":{},"s":{},"f":{},"b":{},"meta":{"lastBranch":0,"lastFunction":0,"lastStatement":0,"seen":{}}}
,"C:\\Users\\devan\\Desktop\\promptwars\\src\\context\\VoterProfileContext.jsx": {"path":"C:\\Users\\devan\\Desktop\\promptwars\\src\\context\\VoterProfileContext.jsx","statementMap":{"0":{"start":{"line":12,"column":20},"end":{"line":12,"column":null}},"1":{"start":{"line":15,"column":30},"end":{"line":24,"column":null}},"2":{"start":{"line":28,"column":2},"end":{"line":36,"column":null}},"3":{"start":{"line":29,"column":19},"end":{"line":29,"column":52}},"4":{"start":{"line":30,"column":4},"end":{"line":32,"column":null}},"5":{"start":{"line":31,"column":21},"end":{"line":31,"column":39}},"6":{"start":{"line":32,"column":6},"end":{"line":32,"column":null}},"7":{"start":{"line":36,"column":4},"end":{"line":36,"column":null}},"8":{"start":{"line":38,"column":2},"end":{"line":38,"column":null}},"9":{"start":{"line":43,"column":2},"end":{"line":45,"column":null}},"10":{"start":{"line":44,"column":4},"end":{"line":44,"column":null}},"11":{"start":{"line":51,"column":23},"end":{"line":57,"column":null}},"12":{"start":{"line":61,"column":2},"end":{"line":91,"column":null}},"13":{"start":{"line":63,"column":6},"end":{"line":63,"column":null}},"14":{"start":{"line":66,"column":6},"end":{"line":66,"column":null}},"15":{"start":{"line":69,"column":21},"end":{"line":69,"column":null}},"16":{"start":{"line":70,"column":21},"end":{"line":70,"column":58}},"17":{"start":{"line":71,"column":29},"end":{"line":73,"column":43}},"18":{"start":{"line":72,"column":45},"end":{"line":72,"column":58}},"19":{"start":{"line":74,"column":6},"end":{"line":74,"column":null}},"20":{"start":{"line":78,"column":21},"end":{"line":78,"column":null}},"21":{"start":{"line":79,"column":18},"end":{"line":79,"column":50}},"22":{"start":{"line":80,"column":24},"end":{"line":82,"column":38}},"23":{"start":{"line":81,"column":41},"end":{"line":81,"column":55}},"24":{"start":{"line":83,"column":6},"end":{"line":83,"column":null}},"25":{"start":{"line":87,"column":6},"end":{"line":87,"column":null}},"26":{"start":{"line":88,"column":6},"end":{"line":88,"column":null}},"27":{"start":{"line":91,"column":6},"end":{"line":91,"column":null}},"28":{"start":{"line":96,"column":6},"end":{"line":96,"column":47}},"29":{"start":{"line":102,"column":26},"end":{"line":102,"column":39}},"30":{"start":{"line":103,"column":18},"end":{"line":105,"column":null}},"31":{"start":{"line":109,"column":2},"end":{"line":113,"column":null}},"32":{"start":{"line":110,"column":4},"end":{"line":111,"column":null}},"33":{"start":{"line":111,"column":6},"end":{"line":111,"column":null}},"34":{"start":{"line":116,"column":8},"end":{"line":118,"column":8}},"35":{"start":{"line":117,"column":4},"end":{"line":117,"column":null}},"36":{"start":{"line":120,"column":8},"end":{"line":122,"column":8}},"37":{"start":{"line":121,"column":4},"end":{"line":121,"column":null}},"38":{"start":{"line":124,"column":8},"end":{"line":126,"column":8}},"39":{"start":{"line":125,"column":4},"end":{"line":125,"column":null}},"40":{"start":{"line":128,"column":8},"end":{"line":130,"column":8}},"41":{"start":{"line":129,"column":4},"end":{"line":129,"column":null}},"42":{"start":{"line":132,"column":8},"end":{"line":134,"column":8}},"43":{"start":{"line":133,"column":4},"end":{"line":133,"column":null}},"44":{"start":{"line":137,"column":29},"end":{"line":138,"column":null}},"45":{"start":{"line":142,"column":22},"end":{"line":142,"column":null}},"46":{"start":{"line":144,"column":8},"end":{"line":152,"column":124}},"47":{"start":{"line":144,"column":31},"end":{"line":152,"column":6}},"48":{"start":{"line":154,"column":2},"end":{"line":157,"column":null}},"49":{"start":{"line":165,"column":8},"end":{"line":165,"column":49}},"50":{"start":{"line":166,"column":2},"end":{"line":167,"column":null}},"51":{"start":{"line":167,"column":4},"end":{"line":167,"column":null}},"52":{"start":{"line":169,"column":2},"end":{"line":169,"column":null}}},"fnMap":{"0":{"name":"loadProfile","decl":{"start":{"line":27,"column":9},"end":{"line":27,"column":23}},"loc":{"start":{"line":27,"column":23},"end":{"line":38,"column":null}},"line":27},"1":{"name":"saveProfile","decl":{"start":{"line":42,"column":9},"end":{"line":42,"column":21}},"loc":{"start":{"line":42,"column":30},"end":{"line":45,"column":null}},"line":42},"2":{"name":"profileReducer","decl":{"start":{"line":60,"column":16},"end":{"line":60,"column":31}},"loc":{"start":{"line":60,"column":46},"end":{"line":91,"column":null}},"line":60},"3":{"name":"(anonymous_3)","decl":{"start":{"line":72,"column":31},"end":{"line":72,"column":39}},"loc":{"start":{"line":72,"column":45},"end":{"line":72,"column":58}},"line":72},"4":{"name":"(anonymous_4)","decl":{"start":{"line":81,"column":26},"end":{"line":81,"column":34}},"loc":{"start":{"line":81,"column":41},"end":{"line":81,"column":55}},"line":81},"5":{"name":"VoterProfileProvider","decl":{"start":{"line":101,"column":16},"end":{"line":101,"column":37}},"loc":{"start":{"line":101,"column":51},"end":{"line":157,"column":null}},"line":101},"6":{"name":"(anonymous_6)","decl":{"start":{"line":109,"column":2},"end":{"line":109,"column":18}},"loc":{"start":{"line":109,"column":18},"end":{"line":113,"column":6}},"line":109},"7":{"name":"(anonymous_7)","decl":{"start":{"line":116,"column":21},"end":{"line":116,"column":34}},"loc":{"start":{"line":116,"column":50},"end":{"line":118,"column":7}},"line":116},"8":{"name":"(anonymous_8)","decl":{"start":{"line":120,"column":25},"end":{"line":120,"column":38}},"loc":{"start":{"line":120,"column":51},"end":{"line":122,"column":7}},"line":120},"9":{"name":"(anonymous_9)","decl":{"start":{"line":124,"column":21},"end":{"line":124,"column":34}},"loc":{"start":{"line":124,"column":45},"end":{"line":126,"column":7}},"line":124},"10":{"name":"(anonymous_10)","decl":{"start":{"line":128,"column":23},"end":{"line":128,"column":41}},"loc":{"start":{"line":128,"column":41},"end":{"line":130,"column":7}},"line":128},"11":{"name":"(anonymous_11)","decl":{"start":{"line":132,"column":30},"end":{"line":132,"column":43}},"loc":{"start":{"line":132,"column":54},"end":{"line":134,"column":7}},"line":132},"12":{"name":"(anonymous_12)","decl":{"start":{"line":144,"column":16},"end":{"line":144,"column":31}},"loc":{"start":{"line":144,"column":31},"end":{"line":152,"column":6}},"line":144},"13":{"name":"useVoterProfile","decl":{"start":{"line":164,"column":16},"end":{"line":164,"column":34}},"loc":{"start":{"line":164,"column":34},"end":{"line":169,"column":null}},"line":164}},"branchMap":{"0":{"loc":{"start":{"line":30,"column":4},"end":{"line":32,"column":null}},"type":"if","locations":[{"start":{"line":30,"column":4},"end":{"line":32,"column":null}},{"start":{},"end":{}}],"line":30},"1":{"loc":{"start":{"line":61,"column":2},"end":{"line":91,"column":null}},"type":"switch","locations":[{"start":{"line":62,"column":4},"end":{"line":63,"column":null}},{"start":{"line":65,"column":4},"end":{"line":66,"column":null}},{"start":{"line":68,"column":4},"end":{"line":74,"column":null}},{"start":{"line":77,"column":4},"end":{"line":83,"column":null}},{"start":{"line":86,"column":4},"end":{"line":88,"column":null}},{"start":{"line":90,"column":4},"end":{"line":91,"column":null}}],"line":61},"2":{"loc":{"start":{"line":71,"column":29},"end":{"line":73,"column":43}},"type":"cond-expr","locations":[{"start":{"line":72,"column":10},"end":{"line":72,"column":58}},{"start":{"line":73,"column":10},"end":{"line":73,"column":43}}],"line":71},"3":{"loc":{"start":{"line":80,"column":24},"end":{"line":82,"column":38}},"type":"cond-expr","locations":[{"start":{"line":81,"column":10},"end":{"line":81,"column":55}},{"start":{"line":82,"column":10},"end":{"line":82,"column":38}}],"line":80},"4":{"loc":{"start":{"line":105,"column":4},"end":{"line":105,"column":44}},"type":"binary-expr","locations":[{"start":{"line":105,"column":4},"end":{"line":105,"column":23}},{"start":{"line":105,"column":23},"end":{"line":105,"column":44}}],"line":105},"5":{"loc":{"start":{"line":110,"column":4},"end":{"line":111,"column":null}},"type":"if","locations":[{"start":{"line":110,"column":4},"end":{"line":111,"column":null}},{"start":{},"end":{}}],"line":110},"6":{"loc":{"start":{"line":138,"column":4},"end":{"line":138,"column":null}},"type":"binary-expr","locations":[{"start":{"line":138,"column":4},"end":{"line":138,"column":25}},{"start":{"line":138,"column":25},"end":{"line":138,"column":42}},{"start":{"line":138,"column":42},"end":{"line":138,"column":null}}],"line":138},"7":{"loc":{"start":{"line":142,"column":22},"end":{"line":142,"column":null}},"type":"binary-expr","locations":[{"start":{"line":142,"column":22},"end":{"line":142,"column":45}},{"start":{"line":142,"column":45},"end":{"line":142,"column":null}}],"line":142},"8":{"loc":{"start":{"line":166,"column":2},"end":{"line":167,"column":null}},"type":"if","locations":[{"start":{"line":166,"column":2},"end":{"line":167,"column":null}},{"start":{},"end":{}}],"line":166}},"s":{"0":2,"1":2,"2":9,"3":9,"4":9,"5":5,"6":5,"7":1,"8":5,"9":5,"10":5,"11":2,"12":12,"13":3,"14":1,"15":3,"16":3,"17":3,"18":1,"19":3,"20":2,"21":2,"22":2,"23":1,"24":2,"25":2,"26":2,"27":1,"28":2,"29":9,"30":9,"31":9,"32":9,"33":5,"34":9,"35":2,"36":9,"37":1,"38":9,"39":1,"40":9,"41":1,"42":9,"43":0,"44":9,"45":9,"46":9,"47":9,"48":9,"49":12,"50":12,"51":2,"52":9},"f":{"0":9,"1":5,"2":12,"3":1,"4":1,"5":9,"6":9,"7":2,"8":1,"9":1,"10":1,"11":0,"12":9,"13":12},"b":{"0":[5,4],"1":[3,1,3,2,2,1],"2":[1,2],"3":[1,1],"4":[9,5],"5":[5,4],"6":[9,5,5],"7":[9,9],"8":[2,10]},"meta":{"lastBranch":9,"lastFunction":14,"lastStatement":53,"seen":{"s:12:20:12:Infinity":0,"s:15:30:24:Infinity":1,"f:27:9:27:23":0,"s:28:2:36:Infinity":2,"s:29:19:29:52":3,"b:30:4:32:Infinity:undefined:undefined:undefined:undefined":0,"s:30:4:32:Infinity":4,"s:31:21:31:39":5,"s:32:6:32:Infinity":6,"s:36:4:36:Infinity":7,"s:38:2:38:Infinity":8,"f:42:9:42:21":1,"s:43:2:45:Infinity":9,"s:44:4:44:Infinity":10,"s:51:23:57:Infinity":11,"f:60:16:60:31":2,"b:62:4:63:Infinity:65:4:66:Infinity:68:4:74:Infinity:77:4:83:Infinity:86:4:88:Infinity:90:4:91:Infinity":1,"s:61:2:91:Infinity":12,"s:63:6:63:Infinity":13,"s:66:6:66:Infinity":14,"s:69:21:69:Infinity":15,"s:70:21:70:58":16,"s:71:29:73:43":17,"b:72:10:72:58:73:10:73:43":2,"f:72:31:72:39":3,"s:72:45:72:58":18,"s:74:6:74:Infinity":19,"s:78:21:78:Infinity":20,"s:79:18:79:50":21,"s:80:24:82:38":22,"b:81:10:81:55:82:10:82:38":3,"f:81:26:81:34":4,"s:81:41:81:55":23,"s:83:6:83:Infinity":24,"s:87:6:87:Infinity":25,"s:88:6:88:Infinity":26,"s:91:6:91:Infinity":27,"s:96:6:96:47":28,"f:101:16:101:37":5,"s:102:26:102:39":29,"s:103:18:105:Infinity":30,"b:105:4:105:23:105:23:105:44":4,"s:109:2:113:Infinity":31,"f:109:2:109:18":6,"b:110:4:111:Infinity:undefined:undefined:undefined:undefined":5,"s:110:4:111:Infinity":32,"s:111:6:111:Infinity":33,"s:116:8:118:8":34,"f:116:21:116:34":7,"s:117:4:117:Infinity":35,"s:120:8:122:8":36,"f:120:25:120:38":8,"s:121:4:121:Infinity":37,"s:124:8:126:8":38,"f:124:21:124:34":9,"s:125:4:125:Infinity":39,"s:128:8:130:8":40,"f:128:23:128:41":10,"s:129:4:129:Infinity":41,"s:132:8:134:8":42,"f:132:30:132:43":11,"s:133:4:133:Infinity":43,"s:137:29:138:Infinity":44,"b:138:4:138:25:138:25:138:42:138:42:138:Infinity":6,"s:142:22:142:Infinity":45,"b:142:22:142:45:142:45:142:Infinity":7,"s:144:8:152:124":46,"f:144:16:144:31":12,"s:144:31:152:6":47,"s:154:2:157:Infinity":48,"f:164:16:164:34":13,"s:165:8:165:49":49,"b:166:2:167:Infinity:undefined:undefined:undefined:undefined":8,"s:166:2:167:Infinity":50,"s:167:4:167:Infinity":51,"s:169:2:169:Infinity":52}}}
}
